<?xml version="1.0" encoding="UTF-8"?>
<coverage generated="1618805637480" clover="3.2.0">
  <project timestamp="1618805637480" name="All files">
    <metrics statements="25" coveredstatements="25" conditionals="6" coveredconditionals="6" methods="2" coveredmethods="2" elements="33" coveredelements="33" complexity="0" loc="25" ncloc="25" packages="1" files="1" classes="1"/>
    <file name="romanNumber.ts" path="E:\Users\User\Documentos\GitHub\romanNumberstransformers\src\romans\romanNumber.ts">
      <metrics statements="25" coveredstatements="25" conditionals="6" coveredconditionals="6" methods="2" coveredmethods="2"/>
      <line num="1" count="1" type="stmt"/>
      <line num="13" count="1" type="stmt"/>
      <line num="15" count="19" type="cond" truecount="2" falsecount="0"/>
      <line num="16" count="8" type="stmt"/>
      <line num="18" count="11" type="stmt"/>
      <line num="19" count="11" type="stmt"/>
      <line num="20" count="11" type="stmt"/>
      <line num="21" count="11" type="stmt"/>
      <line num="23" count="11" type="stmt"/>
      <line num="24" count="28" type="stmt"/>
      <line num="26" count="28" type="cond" truecount="2" falsecount="0"/>
      <line num="27" count="4" type="stmt"/>
      <line num="28" count="4" type="stmt"/>
      <line num="29" count="4" type="stmt"/>
      <line num="32" count="24" type="stmt"/>
      <line num="34" count="24" type="cond" truecount="2" falsecount="0"/>
      <line num="35" count="14" type="stmt"/>
      <line num="36" count="14" type="stmt"/>
      <line num="37" count="14" type="stmt"/>
      <line num="40" count="10" type="stmt"/>
      <line num="41" count="10" type="stmt"/>
      <line num="44" count="11" type="stmt"/>
      <line num="47" count="1" type="stmt"/>
      <line num="48" count="19" type="stmt"/>
      <line num="49" count="19" type="stmt"/>
    </file>
  </project>
</coverage>
