{"E:\\Users\\User\\Documentos\\GitHub\\romanNumberstransformers\\src\\romans\\romanNumber.ts": {"path":"E:\\Users\\User\\Documentos\\GitHub\\romanNumberstransformers\\src\\romans\\romanNumber.ts","statementMap":{"0":{"start":{"line":1,"column":46},"end":{"line":9,"column":2}},"1":{"start":{"line":13,"column":25},"end":{"line":45,"column":1}},"2":{"start":{"line":15,"column":4},"end":{"line":16,"column":18}},"3":{"start":{"line":16,"column":8},"end":{"line":16,"column":18}},"4":{"start":{"line":18,"column":25},"end":{"line":18,"column":26}},"5":{"start":{"line":19,"column":31},"end":{"line":19,"column":52}},"6":{"start":{"line":20,"column":25},"end":{"line":20,"column":42}},"7":{"start":{"line":21,"column":24},"end":{"line":21,"column":25}},"8":{"start":{"line":23,"column":4},"end":{"line":43,"column":6}},"9":{"start":{"line":24,"column":30},"end":{"line":24,"column":58}},"10":{"start":{"line":26,"column":8},"end":{"line":30,"column":null}},"11":{"start":{"line":27,"column":12},"end":{"line":27,"column":30}},"12":{"start":{"line":28,"column":12},"end":{"line":28,"column":23}},"13":{"start":{"line":29,"column":12},"end":{"line":29,"column":21}},"14":{"start":{"line":32,"column":19},"end":{"line":32,"column":51}},"15":{"start":{"line":34,"column":8},"end":{"line":38,"column":null}},"16":{"start":{"line":35,"column":12},"end":{"line":35,"column":30}},"17":{"start":{"line":36,"column":12},"end":{"line":36,"column":23}},"18":{"start":{"line":37,"column":12},"end":{"line":37,"column":21}},"19":{"start":{"line":40,"column":8},"end":{"line":40,"column":33}},"20":{"start":{"line":41,"column":8},"end":{"line":41,"column":19}},"21":{"start":{"line":44,"column":4},"end":{"line":44,"column":18}},"22":{"start":{"line":13,"column":13},"end":{"line":13,"column":25}},"23":{"start":{"line":47,"column":35},"end":{"line":50,"column":1}},"24":{"start":{"line":48,"column":21},"end":{"line":48,"column":91}},"25":{"start":{"line":49,"column":4},"end":{"line":49,"column":43}},"26":{"start":{"line":47,"column":13},"end":{"line":47,"column":35}}},"fnMap":{"0":{"name":"(anonymous_0)","decl":{"start":{"line":13,"column":25},"end":{"line":13,"column":26}},"loc":{"start":{"line":13,"column":49},"end":{"line":45,"column":1}}},"1":{"name":"(anonymous_1)","decl":{"start":{"line":47,"column":35},"end":{"line":47,"column":36}},"loc":{"start":{"line":47,"column":71},"end":{"line":50,"column":1}}}},"branchMap":{"0":{"loc":{"start":{"line":15,"column":4},"end":{"line":16,"column":18}},"type":"if","locations":[{"start":{"line":15,"column":4},"end":{"line":16,"column":18}},{"start":{"line":15,"column":4},"end":{"line":16,"column":18}}]},"1":{"loc":{"start":{"line":26,"column":8},"end":{"line":30,"column":null}},"type":"if","locations":[{"start":{"line":26,"column":8},"end":{"line":30,"column":null}},{"start":{"line":26,"column":8},"end":{"line":30,"column":null}}]},"2":{"loc":{"start":{"line":34,"column":8},"end":{"line":38,"column":null}},"type":"if","locations":[{"start":{"line":34,"column":8},"end":{"line":38,"column":null}},{"start":{"line":34,"column":8},"end":{"line":38,"column":null}}]}},"s":{"0":1,"1":1,"2":19,"3":8,"4":11,"5":11,"6":11,"7":11,"8":11,"9":28,"10":28,"11":4,"12":4,"13":4,"14":24,"15":24,"16":14,"17":14,"18":14,"19":10,"20":10,"21":11,"22":1,"23":1,"24":19,"25":19,"26":1},"f":{"0":19,"1":19},"b":{"0":[8,11],"1":[4,24],"2":[14,10]}}
}
