{"E:\\Users\\User\\Documentos\\GitHub\\romanNumberstransformers\\dist\\src\\romans\\romanNumber.js": {"path":"E:\\Users\\User\\Documentos\\GitHub\\romanNumberstransformers\\dist\\src\\romans\\romanNumber.js","statementMap":{"0":{"start":{"line":2,"column":0},"end":{"line":2,"column":62}},"1":{"start":{"line":3,"column":0},"end":{"line":3,"column":57}},"2":{"start":{"line":4,"column":18},"end":{"line":29,"column":1}},"3":{"start":{"line":5,"column":4},"end":{"line":6,"column":18}},"4":{"start":{"line":6,"column":8},"end":{"line":6,"column":18}},"5":{"start":{"line":7,"column":17},"end":{"line":7,"column":18}},"6":{"start":{"line":8,"column":21},"end":{"line":8,"column":42}},"7":{"start":{"line":9,"column":17},"end":{"line":9,"column":34}},"8":{"start":{"line":10,"column":16},"end":{"line":10,"column":17}},"9":{"start":{"line":11,"column":4},"end":{"line":26,"column":5}},"10":{"start":{"line":12,"column":22},"end":{"line":12,"column":50}},"11":{"start":{"line":13,"column":8},"end":{"line":17,"column":9}},"12":{"start":{"line":14,"column":12},"end":{"line":14,"column":30}},"13":{"start":{"line":15,"column":12},"end":{"line":15,"column":23}},"14":{"start":{"line":16,"column":12},"end":{"line":16,"column":21}},"15":{"start":{"line":18,"column":19},"end":{"line":18,"column":51}},"16":{"start":{"line":19,"column":8},"end":{"line":23,"column":9}},"17":{"start":{"line":20,"column":12},"end":{"line":20,"column":30}},"18":{"start":{"line":21,"column":12},"end":{"line":21,"column":23}},"19":{"start":{"line":22,"column":12},"end":{"line":22,"column":21}},"20":{"start":{"line":24,"column":8},"end":{"line":24,"column":33}},"21":{"start":{"line":25,"column":8},"end":{"line":25,"column":19}},"22":{"start":{"line":28,"column":4},"end":{"line":28,"column":18}},"23":{"start":{"line":30,"column":0},"end":{"line":30,"column":30}},"24":{"start":{"line":31,"column":28},"end":{"line":34,"column":1}},"25":{"start":{"line":32,"column":21},"end":{"line":32,"column":91}},"26":{"start":{"line":33,"column":4},"end":{"line":33,"column":43}},"27":{"start":{"line":35,"column":0},"end":{"line":35,"column":50}},"28":{"start":{"line":36,"column":18},"end":{"line":52,"column":1}},"29":{"start":{"line":37,"column":4},"end":{"line":38,"column":17}},"30":{"start":{"line":38,"column":8},"end":{"line":38,"column":17}},"31":{"start":{"line":39,"column":4},"end":{"line":40,"column":17}},"32":{"start":{"line":40,"column":8},"end":{"line":40,"column":17}},"33":{"start":{"line":41,"column":4},"end":{"line":42,"column":18}},"34":{"start":{"line":42,"column":8},"end":{"line":42,"column":18}},"35":{"start":{"line":43,"column":4},"end":{"line":44,"column":18}},"36":{"start":{"line":44,"column":8},"end":{"line":44,"column":18}},"37":{"start":{"line":45,"column":4},"end":{"line":46,"column":19}},"38":{"start":{"line":46,"column":8},"end":{"line":46,"column":19}},"39":{"start":{"line":47,"column":4},"end":{"line":48,"column":19}},"40":{"start":{"line":48,"column":8},"end":{"line":48,"column":19}},"41":{"start":{"line":49,"column":4},"end":{"line":50,"column":20}},"42":{"start":{"line":50,"column":8},"end":{"line":50,"column":20}},"43":{"start":{"line":51,"column":4},"end":{"line":51,"column":14}}},"fnMap":{"0":{"name":"(anonymous_0)","decl":{"start":{"line":4,"column":18},"end":{"line":4,"column":19}},"loc":{"start":{"line":4,"column":35},"end":{"line":29,"column":1}},"line":4},"1":{"name":"(anonymous_1)","decl":{"start":{"line":31,"column":28},"end":{"line":31,"column":29}},"loc":{"start":{"line":31,"column":48},"end":{"line":34,"column":1}},"line":31},"2":{"name":"(anonymous_2)","decl":{"start":{"line":36,"column":18},"end":{"line":36,"column":19}},"loc":{"start":{"line":36,"column":25},"end":{"line":52,"column":1}},"line":36}},"branchMap":{"0":{"loc":{"start":{"line":5,"column":4},"end":{"line":6,"column":18}},"type":"if","locations":[{"start":{"line":5,"column":4},"end":{"line":6,"column":18}},{"start":{"line":5,"column":4},"end":{"line":6,"column":18}}],"line":5},"1":{"loc":{"start":{"line":13,"column":8},"end":{"line":17,"column":9}},"type":"if","locations":[{"start":{"line":13,"column":8},"end":{"line":17,"column":9}},{"start":{"line":13,"column":8},"end":{"line":17,"column":9}}],"line":13},"2":{"loc":{"start":{"line":19,"column":8},"end":{"line":23,"column":9}},"type":"if","locations":[{"start":{"line":19,"column":8},"end":{"line":23,"column":9}},{"start":{"line":19,"column":8},"end":{"line":23,"column":9}}],"line":19},"3":{"loc":{"start":{"line":37,"column":4},"end":{"line":38,"column":17}},"type":"if","locations":[{"start":{"line":37,"column":4},"end":{"line":38,"column":17}},{"start":{"line":37,"column":4},"end":{"line":38,"column":17}}],"line":37},"4":{"loc":{"start":{"line":39,"column":4},"end":{"line":40,"column":17}},"type":"if","locations":[{"start":{"line":39,"column":4},"end":{"line":40,"column":17}},{"start":{"line":39,"column":4},"end":{"line":40,"column":17}}],"line":39},"5":{"loc":{"start":{"line":41,"column":4},"end":{"line":42,"column":18}},"type":"if","locations":[{"start":{"line":41,"column":4},"end":{"line":42,"column":18}},{"start":{"line":41,"column":4},"end":{"line":42,"column":18}}],"line":41},"6":{"loc":{"start":{"line":43,"column":4},"end":{"line":44,"column":18}},"type":"if","locations":[{"start":{"line":43,"column":4},"end":{"line":44,"column":18}},{"start":{"line":43,"column":4},"end":{"line":44,"column":18}}],"line":43},"7":{"loc":{"start":{"line":45,"column":4},"end":{"line":46,"column":19}},"type":"if","locations":[{"start":{"line":45,"column":4},"end":{"line":46,"column":19}},{"start":{"line":45,"column":4},"end":{"line":46,"column":19}}],"line":45},"8":{"loc":{"start":{"line":47,"column":4},"end":{"line":48,"column":19}},"type":"if","locations":[{"start":{"line":47,"column":4},"end":{"line":48,"column":19}},{"start":{"line":47,"column":4},"end":{"line":48,"column":19}}],"line":47},"9":{"loc":{"start":{"line":49,"column":4},"end":{"line":50,"column":20}},"type":"if","locations":[{"start":{"line":49,"column":4},"end":{"line":50,"column":20}},{"start":{"line":49,"column":4},"end":{"line":50,"column":20}}],"line":49}},"s":{"0":1,"1":1,"2":1,"3":19,"4":8,"5":11,"6":11,"7":11,"8":11,"9":11,"10":28,"11":28,"12":4,"13":4,"14":4,"15":24,"16":24,"17":14,"18":14,"19":14,"20":10,"21":10,"22":11,"23":1,"24":1,"25":19,"26":19,"27":1,"28":1,"29":52,"30":20,"31":32,"32":5,"33":27,"34":16,"35":11,"36":1,"37":10,"38":7,"39":3,"40":2,"41":1,"42":1,"43":0},"f":{"0":19,"1":19,"2":52},"b":{"0":[8,11],"1":[4,24],"2":[14,10],"3":[20,32],"4":[5,27],"5":[16,11],"6":[1,10],"7":[7,3],"8":[2,1],"9":[1,0]},"inputSourceMap":null,"_coverageSchema":"1a1c01bbd47fc00a2c39e90264f33305004495a9","hash":"7ad9d76502733c75632be1643b3cbd97854725e7"}
,"E:\\Users\\User\\Documentos\\GitHub\\romanNumberstransformers\\src\\romans\\romanNumber.ts": {"path":"E:\\Users\\User\\Documentos\\GitHub\\romanNumberstransformers\\src\\romans\\romanNumber.ts","statementMap":{"0":{"start":{"line":2,"column":25},"end":{"line":34,"column":1}},"1":{"start":{"line":4,"column":4},"end":{"line":5,"column":18}},"2":{"start":{"line":5,"column":8},"end":{"line":5,"column":18}},"3":{"start":{"line":7,"column":25},"end":{"line":7,"column":26}},"4":{"start":{"line":8,"column":31},"end":{"line":8,"column":52}},"5":{"start":{"line":9,"column":25},"end":{"line":9,"column":42}},"6":{"start":{"line":10,"column":24},"end":{"line":10,"column":25}},"7":{"start":{"line":12,"column":4},"end":{"line":32,"column":6}},"8":{"start":{"line":13,"column":30},"end":{"line":13,"column":58}},"9":{"start":{"line":15,"column":8},"end":{"line":19,"column":null}},"10":{"start":{"line":16,"column":12},"end":{"line":16,"column":30}},"11":{"start":{"line":17,"column":12},"end":{"line":17,"column":23}},"12":{"start":{"line":18,"column":12},"end":{"line":18,"column":21}},"13":{"start":{"line":21,"column":19},"end":{"line":21,"column":51}},"14":{"start":{"line":23,"column":8},"end":{"line":27,"column":null}},"15":{"start":{"line":24,"column":12},"end":{"line":24,"column":30}},"16":{"start":{"line":25,"column":12},"end":{"line":25,"column":23}},"17":{"start":{"line":26,"column":12},"end":{"line":26,"column":21}},"18":{"start":{"line":29,"column":8},"end":{"line":29,"column":33}},"19":{"start":{"line":30,"column":8},"end":{"line":30,"column":19}},"20":{"start":{"line":33,"column":4},"end":{"line":33,"column":18}},"21":{"start":{"line":2,"column":13},"end":{"line":2,"column":25}},"22":{"start":{"line":36,"column":35},"end":{"line":39,"column":1}},"23":{"start":{"line":37,"column":21},"end":{"line":37,"column":91}},"24":{"start":{"line":38,"column":4},"end":{"line":38,"column":43}},"25":{"start":{"line":36,"column":13},"end":{"line":36,"column":35}},"26":{"start":{"line":40,"column":18},"end":{"line":57,"column":1}},"27":{"start":{"line":41,"column":4},"end":{"line":42,"column":17}},"28":{"start":{"line":42,"column":8},"end":{"line":42,"column":17}},"29":{"start":{"line":43,"column":4},"end":{"line":44,"column":17}},"30":{"start":{"line":44,"column":8},"end":{"line":44,"column":17}},"31":{"start":{"line":45,"column":4},"end":{"line":46,"column":18}},"32":{"start":{"line":46,"column":8},"end":{"line":46,"column":18}},"33":{"start":{"line":47,"column":4},"end":{"line":48,"column":18}},"34":{"start":{"line":48,"column":8},"end":{"line":48,"column":18}},"35":{"start":{"line":49,"column":4},"end":{"line":50,"column":19}},"36":{"start":{"line":50,"column":8},"end":{"line":50,"column":19}},"37":{"start":{"line":51,"column":4},"end":{"line":52,"column":19}},"38":{"start":{"line":52,"column":8},"end":{"line":52,"column":19}},"39":{"start":{"line":53,"column":4},"end":{"line":54,"column":20}},"40":{"start":{"line":54,"column":8},"end":{"line":54,"column":20}},"41":{"start":{"line":56,"column":4},"end":{"line":56,"column":14}}},"fnMap":{"0":{"name":"(anonymous_0)","decl":{"start":{"line":2,"column":25},"end":{"line":2,"column":26}},"loc":{"start":{"line":2,"column":49},"end":{"line":34,"column":1}}},"1":{"name":"(anonymous_1)","decl":{"start":{"line":36,"column":35},"end":{"line":36,"column":36}},"loc":{"start":{"line":36,"column":71},"end":{"line":39,"column":1}}},"2":{"name":"(anonymous_2)","decl":{"start":{"line":40,"column":18},"end":{"line":40,"column":19}},"loc":{"start":{"line":40,"column":40},"end":{"line":57,"column":1}}}},"branchMap":{"0":{"loc":{"start":{"line":4,"column":4},"end":{"line":5,"column":18}},"type":"if","locations":[{"start":{"line":4,"column":4},"end":{"line":5,"column":18}},{"start":{"line":4,"column":4},"end":{"line":5,"column":18}}]},"1":{"loc":{"start":{"line":15,"column":8},"end":{"line":19,"column":null}},"type":"if","locations":[{"start":{"line":15,"column":8},"end":{"line":19,"column":null}},{"start":{"line":15,"column":8},"end":{"line":19,"column":null}}]},"2":{"loc":{"start":{"line":23,"column":8},"end":{"line":27,"column":null}},"type":"if","locations":[{"start":{"line":23,"column":8},"end":{"line":27,"column":null}},{"start":{"line":23,"column":8},"end":{"line":27,"column":null}}]},"3":{"loc":{"start":{"line":41,"column":4},"end":{"line":42,"column":17}},"type":"if","locations":[{"start":{"line":41,"column":4},"end":{"line":42,"column":17}},{"start":{"line":41,"column":4},"end":{"line":42,"column":17}}]},"4":{"loc":{"start":{"line":43,"column":4},"end":{"line":44,"column":17}},"type":"if","locations":[{"start":{"line":43,"column":4},"end":{"line":44,"column":17}},{"start":{"line":43,"column":4},"end":{"line":44,"column":17}}]},"5":{"loc":{"start":{"line":45,"column":4},"end":{"line":46,"column":18}},"type":"if","locations":[{"start":{"line":45,"column":4},"end":{"line":46,"column":18}},{"start":{"line":45,"column":4},"end":{"line":46,"column":18}}]},"6":{"loc":{"start":{"line":47,"column":4},"end":{"line":48,"column":18}},"type":"if","locations":[{"start":{"line":47,"column":4},"end":{"line":48,"column":18}},{"start":{"line":47,"column":4},"end":{"line":48,"column":18}}]},"7":{"loc":{"start":{"line":49,"column":4},"end":{"line":50,"column":19}},"type":"if","locations":[{"start":{"line":49,"column":4},"end":{"line":50,"column":19}},{"start":{"line":49,"column":4},"end":{"line":50,"column":19}}]},"8":{"loc":{"start":{"line":51,"column":4},"end":{"line":52,"column":19}},"type":"if","locations":[{"start":{"line":51,"column":4},"end":{"line":52,"column":19}},{"start":{"line":51,"column":4},"end":{"line":52,"column":19}}]},"9":{"loc":{"start":{"line":53,"column":4},"end":{"line":54,"column":20}},"type":"if","locations":[{"start":{"line":53,"column":4},"end":{"line":54,"column":20}},{"start":{"line":53,"column":4},"end":{"line":54,"column":20}}]}},"s":{"0":1,"1":19,"2":8,"3":11,"4":11,"5":11,"6":11,"7":11,"8":28,"9":28,"10":4,"11":4,"12":4,"13":24,"14":24,"15":14,"16":14,"17":14,"18":10,"19":10,"20":11,"21":1,"22":1,"23":19,"24":19,"25":1,"26":1,"27":52,"28":20,"29":32,"30":5,"31":27,"32":16,"33":11,"34":1,"35":10,"36":7,"37":3,"38":2,"39":1,"40":1,"41":0},"f":{"0":19,"1":19,"2":52},"b":{"0":[8,11],"1":[4,24],"2":[14,10],"3":[20,32],"4":[5,27],"5":[16,11],"6":[1,10],"7":[7,3],"8":[2,1],"9":[1,0]}}
}
