TN:
SF:dist\src\romans\romanNumber.js
FN:4,(anonymous_0)
FN:31,(anonymous_1)
FN:36,(anonymous_2)
FNF:3
FNH:3
FNDA:19,(anonymous_0)
FNDA:19,(anonymous_1)
FNDA:52,(anonymous_2)
DA:2,1
DA:3,1
DA:4,1
DA:5,19
DA:6,8
DA:7,11
DA:8,11
DA:9,11
DA:10,11
DA:11,11
DA:12,28
DA:13,28
DA:14,4
DA:15,4
DA:16,4
DA:18,24
DA:19,24
DA:20,14
DA:21,14
DA:22,14
DA:24,10
DA:25,10
DA:28,11
DA:30,1
DA:31,1
DA:32,19
DA:33,19
DA:35,1
DA:36,1
DA:37,52
DA:38,20
DA:39,32
DA:40,5
DA:41,27
DA:42,16
DA:43,11
DA:44,1
DA:45,10
DA:46,7
DA:47,3
DA:48,2
DA:49,1
DA:50,1
DA:51,0
LF:44
LH:43
BRDA:5,0,0,8
BRDA:5,0,1,11
BRDA:13,1,0,4
BRDA:13,1,1,24
BRDA:19,2,0,14
BRDA:19,2,1,10
BRDA:37,3,0,20
BRDA:37,3,1,32
BRDA:39,4,0,5
BRDA:39,4,1,27
BRDA:41,5,0,16
BRDA:41,5,1,11
BRDA:43,6,0,1
BRDA:43,6,1,10
BRDA:45,7,0,7
BRDA:45,7,1,3
BRDA:47,8,0,2
BRDA:47,8,1,1
BRDA:49,9,0,1
BRDA:49,9,1,0
BRF:20
BRH:19
end_of_record
TN:
SF:src\romans\romanNumber.ts
FN:2,(anonymous_0)
FN:36,(anonymous_1)
FN:40,(anonymous_2)
FNF:3
FNH:3
FNDA:19,(anonymous_0)
FNDA:19,(anonymous_1)
FNDA:52,(anonymous_2)
DA:2,1
DA:4,19
DA:5,8
DA:7,11
DA:8,11
DA:9,11
DA:10,11
DA:12,11
DA:13,28
DA:15,28
DA:16,4
DA:17,4
DA:18,4
DA:21,24
DA:23,24
DA:24,14
DA:25,14
DA:26,14
DA:29,10
DA:30,10
DA:33,11
DA:36,1
DA:37,19
DA:38,19
DA:40,1
DA:41,52
DA:42,20
DA:43,32
DA:44,5
DA:45,27
DA:46,16
DA:47,11
DA:48,1
DA:49,10
DA:50,7
DA:51,3
DA:52,2
DA:53,1
DA:54,1
DA:56,0
LF:40
LH:39
BRDA:4,0,0,8
BRDA:4,0,1,11
BRDA:15,1,0,4
BRDA:15,1,1,24
BRDA:23,2,0,14
BRDA:23,2,1,10
BRDA:41,3,0,20
BRDA:41,3,1,32
BRDA:43,4,0,5
BRDA:43,4,1,27
BRDA:45,5,0,16
BRDA:45,5,1,11
BRDA:47,6,0,1
BRDA:47,6,1,10
BRDA:49,7,0,7
BRDA:49,7,1,3
BRDA:51,8,0,2
BRDA:51,8,1,1
BRDA:53,9,0,1
BRDA:53,9,1,0
BRF:20
BRH:19
end_of_record
