TN:
SF:dist\src\romans\romanNumber.js
FN:13,(anonymous_0)
FN:40,(anonymous_1)
FNF:2
FNH:2
FNDA:19,(anonymous_0)
FNDA:19,(anonymous_1)
DA:2,1
DA:3,1
DA:4,1
DA:13,1
DA:14,19
DA:15,8
DA:16,11
DA:17,11
DA:18,11
DA:19,11
DA:20,11
DA:21,28
DA:22,28
DA:23,4
DA:24,4
DA:25,4
DA:27,24
DA:28,24
DA:29,14
DA:30,14
DA:31,14
DA:33,10
DA:34,10
DA:37,11
DA:39,1
DA:40,1
DA:41,19
DA:42,19
DA:44,1
LF:29
LH:29
BRDA:14,0,0,8
BRDA:14,0,1,11
BRDA:22,1,0,4
BRDA:22,1,1,24
BRDA:28,2,0,14
BRDA:28,2,1,10
BRF:6
BRH:6
end_of_record
TN:
SF:src\romans\romanNumber.ts
FN:13,(anonymous_0)
FN:47,(anonymous_1)
FNF:2
FNH:2
FNDA:19,(anonymous_0)
FNDA:19,(anonymous_1)
DA:1,1
DA:13,1
DA:15,19
DA:16,8
DA:18,11
DA:19,11
DA:20,11
DA:21,11
DA:23,11
DA:24,28
DA:26,28
DA:27,4
DA:28,4
DA:29,4
DA:32,24
DA:34,24
DA:35,14
DA:36,14
DA:37,14
DA:40,10
DA:41,10
DA:44,11
DA:47,1
DA:48,19
DA:49,19
LF:25
LH:25
BRDA:15,0,0,8
BRDA:15,0,1,11
BRDA:26,1,0,4
BRDA:26,1,1,24
BRDA:34,2,0,14
BRDA:34,2,1,10
BRF:6
BRH:6
end_of_record
